INFO - 2023-05-05 13:16:56 --> Session: Class initialized using 'CodeIgniter\Session\Handlers\FileHandler' driver.
CRITICAL - 2023-05-05 13:17:01 --> Too few arguments to function App\Controllers\Filas::mostrarFila(), 1 passed in C:\xampp\htdocs\ingecosmo\system\CodeIgniter.php on line 934 and exactly 2 expected
in APPPATH\Controllers\Filas.php on line 32.
 1 SYSTEMPATH\CodeIgniter.php(934): App\Controllers\Filas->mostrarFila('3')
 2 SYSTEMPATH\CodeIgniter.php(499): CodeIgniter\CodeIgniter->runController(Object(App\Controllers\Filas))
 3 SYSTEMPATH\CodeIgniter.php(368): CodeIgniter\CodeIgniter->handleRequest(null, Object(Config\Cache), false)
 4 FCPATH\index.php(67): CodeIgniter\CodeIgniter->run()
INFO - 2023-05-05 13:17:38 --> Session: Class initialized using 'CodeIgniter\Session\Handlers\FileHandler' driver.
CRITICAL - 2023-05-05 13:17:41 --> Too few arguments to function App\Controllers\Filas::mostrarFila(), 1 passed in C:\xampp\htdocs\ingecosmo\system\CodeIgniter.php on line 934 and exactly 2 expected
in APPPATH\Controllers\Filas.php on line 32.
 1 SYSTEMPATH\CodeIgniter.php(934): App\Controllers\Filas->mostrarFila('3')
 2 SYSTEMPATH\CodeIgniter.php(499): CodeIgniter\CodeIgniter->runController(Object(App\Controllers\Filas))
 3 SYSTEMPATH\CodeIgniter.php(368): CodeIgniter\CodeIgniter->handleRequest(null, Object(Config\Cache), false)
 4 FCPATH\index.php(67): CodeIgniter\CodeIgniter->run()
INFO - 2023-05-05 13:17:44 --> Session: Class initialized using 'CodeIgniter\Session\Handlers\FileHandler' driver.
CRITICAL - 2023-05-05 13:17:46 --> Too few arguments to function App\Controllers\Filas::mostrarFila(), 1 passed in C:\xampp\htdocs\ingecosmo\system\CodeIgniter.php on line 934 and exactly 2 expected
in APPPATH\Controllers\Filas.php on line 32.
 1 SYSTEMPATH\CodeIgniter.php(934): App\Controllers\Filas->mostrarFila('3')
 2 SYSTEMPATH\CodeIgniter.php(499): CodeIgniter\CodeIgniter->runController(Object(App\Controllers\Filas))
 3 SYSTEMPATH\CodeIgniter.php(368): CodeIgniter\CodeIgniter->handleRequest(null, Object(Config\Cache), false)
 4 FCPATH\index.php(67): CodeIgniter\CodeIgniter->run()
INFO - 2023-05-05 13:17:58 --> Session: Class initialized using 'CodeIgniter\Session\Handlers\FileHandler' driver.
CRITICAL - 2023-05-05 13:18:00 --> Too few arguments to function App\Controllers\Filas::mostrarFila(), 1 passed in C:\xampp\htdocs\ingecosmo\system\CodeIgniter.php on line 934 and exactly 2 expected
in APPPATH\Controllers\Filas.php on line 32.
 1 SYSTEMPATH\CodeIgniter.php(934): App\Controllers\Filas->mostrarFila('5')
 2 SYSTEMPATH\CodeIgniter.php(499): CodeIgniter\CodeIgniter->runController(Object(App\Controllers\Filas))
 3 SYSTEMPATH\CodeIgniter.php(368): CodeIgniter\CodeIgniter->handleRequest(null, Object(Config\Cache), false)
 4 FCPATH\index.php(67): CodeIgniter\CodeIgniter->run()
INFO - 2023-05-05 13:18:58 --> Session: Class initialized using 'CodeIgniter\Session\Handlers\FileHandler' driver.
CRITICAL - 2023-05-05 13:18:58 --> Undefined variable $materiales
in APPPATH\Views\estanteria\filas.php on line 140.
 1 APPPATH\Views\estanteria\filas.php(140): CodeIgniter\Debug\Exceptions->errorHandler(2, 'Undefined variable $materiales', 'APPPATH\\Views\\estanteria\\filas.php', 140)
 2 SYSTEMPATH\View\View.php(213): include('APPPATH\\Views\\estanteria\\filas.php')
 3 SYSTEMPATH\View\View.php(216): CodeIgniter\View\View->CodeIgniter\View\{closure}()
 4 SYSTEMPATH\Common.php(1184): CodeIgniter\View\View->render('/estanteria/filas', [], true)
 5 APPPATH\Controllers\Filas.php(39): view('/estanteria/filas', [...])
 6 SYSTEMPATH\CodeIgniter.php(934): App\Controllers\Filas->mostrarFila('5')
 7 SYSTEMPATH\CodeIgniter.php(499): CodeIgniter\CodeIgniter->runController(Object(App\Controllers\Filas))
 8 SYSTEMPATH\CodeIgniter.php(368): CodeIgniter\CodeIgniter->handleRequest(null, Object(Config\Cache), false)
 9 FCPATH\index.php(67): CodeIgniter\CodeIgniter->run()
INFO - 2023-05-05 13:18:59 --> Session: Class initialized using 'CodeIgniter\Session\Handlers\FileHandler' driver.
CRITICAL - 2023-05-05 13:18:59 --> Undefined variable $materiales
in APPPATH\Views\estanteria\filas.php on line 140.
 1 APPPATH\Views\estanteria\filas.php(140): CodeIgniter\Debug\Exceptions->errorHandler(2, 'Undefined variable $materiales', 'APPPATH\\Views\\estanteria\\filas.php', 140)
 2 SYSTEMPATH\View\View.php(213): include('APPPATH\\Views\\estanteria\\filas.php')
 3 SYSTEMPATH\View\View.php(216): CodeIgniter\View\View->CodeIgniter\View\{closure}()
 4 SYSTEMPATH\Common.php(1184): CodeIgniter\View\View->render('/estanteria/filas', [], true)
 5 APPPATH\Controllers\Filas.php(39): view('/estanteria/filas', [...])
 6 SYSTEMPATH\CodeIgniter.php(934): App\Controllers\Filas->mostrarFila('5')
 7 SYSTEMPATH\CodeIgniter.php(499): CodeIgniter\CodeIgniter->runController(Object(App\Controllers\Filas))
 8 SYSTEMPATH\CodeIgniter.php(368): CodeIgniter\CodeIgniter->handleRequest(null, Object(Config\Cache), false)
 9 FCPATH\index.php(67): CodeIgniter\CodeIgniter->run()
INFO - 2023-05-05 13:19:00 --> Session: Class initialized using 'CodeIgniter\Session\Handlers\FileHandler' driver.
CRITICAL - 2023-05-05 13:19:00 --> Undefined variable $materiales
in APPPATH\Views\estanteria\filas.php on line 140.
 1 APPPATH\Views\estanteria\filas.php(140): CodeIgniter\Debug\Exceptions->errorHandler(2, 'Undefined variable $materiales', 'APPPATH\\Views\\estanteria\\filas.php', 140)
 2 SYSTEMPATH\View\View.php(213): include('APPPATH\\Views\\estanteria\\filas.php')
 3 SYSTEMPATH\View\View.php(216): CodeIgniter\View\View->CodeIgniter\View\{closure}()
 4 SYSTEMPATH\Common.php(1184): CodeIgniter\View\View->render('/estanteria/filas', [], true)
 5 APPPATH\Controllers\Filas.php(39): view('/estanteria/filas', [...])
 6 SYSTEMPATH\CodeIgniter.php(934): App\Controllers\Filas->mostrarFila('5')
 7 SYSTEMPATH\CodeIgniter.php(499): CodeIgniter\CodeIgniter->runController(Object(App\Controllers\Filas))
 8 SYSTEMPATH\CodeIgniter.php(368): CodeIgniter\CodeIgniter->handleRequest(null, Object(Config\Cache), false)
 9 FCPATH\index.php(67): CodeIgniter\CodeIgniter->run()
CRITICAL - 2023-05-05 13:21:34 --> Too few arguments to function App\Controllers\Filas::mostrarFila(), 1 passed in C:\xampp\htdocs\ingecosmo\system\CodeIgniter.php on line 934 and exactly 2 expected
in APPPATH\Controllers\Filas.php on line 32.
 1 SYSTEMPATH\CodeIgniter.php(934): App\Controllers\Filas->mostrarFila('5')
 2 SYSTEMPATH\CodeIgniter.php(499): CodeIgniter\CodeIgniter->runController(Object(App\Controllers\Filas))
 3 SYSTEMPATH\CodeIgniter.php(368): CodeIgniter\CodeIgniter->handleRequest(null, Object(Config\Cache), false)
 4 FCPATH\index.php(67): CodeIgniter\CodeIgniter->run()
CRITICAL - 2023-05-05 13:21:34 --> Too few arguments to function App\Controllers\Filas::mostrarFila(), 1 passed in C:\xampp\htdocs\ingecosmo\system\CodeIgniter.php on line 934 and exactly 2 expected
in APPPATH\Controllers\Filas.php on line 32.
 1 SYSTEMPATH\CodeIgniter.php(934): App\Controllers\Filas->mostrarFila('5')
 2 SYSTEMPATH\CodeIgniter.php(499): CodeIgniter\CodeIgniter->runController(Object(App\Controllers\Filas))
 3 SYSTEMPATH\CodeIgniter.php(368): CodeIgniter\CodeIgniter->handleRequest(null, Object(Config\Cache), false)
 4 FCPATH\index.php(67): CodeIgniter\CodeIgniter->run()
CRITICAL - 2023-05-05 13:21:34 --> Too few arguments to function App\Controllers\Filas::mostrarFila(), 1 passed in C:\xampp\htdocs\ingecosmo\system\CodeIgniter.php on line 934 and exactly 2 expected
in APPPATH\Controllers\Filas.php on line 32.
 1 SYSTEMPATH\CodeIgniter.php(934): App\Controllers\Filas->mostrarFila('5')
 2 SYSTEMPATH\CodeIgniter.php(499): CodeIgniter\CodeIgniter->runController(Object(App\Controllers\Filas))
 3 SYSTEMPATH\CodeIgniter.php(368): CodeIgniter\CodeIgniter->handleRequest(null, Object(Config\Cache), false)
 4 FCPATH\index.php(67): CodeIgniter\CodeIgniter->run()
CRITICAL - 2023-05-05 13:22:23 --> Too few arguments to function App\Controllers\Filas::mostrarFila(), 1 passed in C:\xampp\htdocs\ingecosmo\system\CodeIgniter.php on line 934 and exactly 3 expected
in APPPATH\Controllers\Filas.php on line 32.
 1 SYSTEMPATH\CodeIgniter.php(934): App\Controllers\Filas->mostrarFila('5')
 2 SYSTEMPATH\CodeIgniter.php(499): CodeIgniter\CodeIgniter->runController(Object(App\Controllers\Filas))
 3 SYSTEMPATH\CodeIgniter.php(368): CodeIgniter\CodeIgniter->handleRequest(null, Object(Config\Cache), false)
 4 FCPATH\index.php(67): CodeIgniter\CodeIgniter->run()
CRITICAL - 2023-05-05 13:22:23 --> Too few arguments to function App\Controllers\Filas::mostrarFila(), 1 passed in C:\xampp\htdocs\ingecosmo\system\CodeIgniter.php on line 934 and exactly 3 expected
in APPPATH\Controllers\Filas.php on line 32.
 1 SYSTEMPATH\CodeIgniter.php(934): App\Controllers\Filas->mostrarFila('5')
 2 SYSTEMPATH\CodeIgniter.php(499): CodeIgniter\CodeIgniter->runController(Object(App\Controllers\Filas))
 3 SYSTEMPATH\CodeIgniter.php(368): CodeIgniter\CodeIgniter->handleRequest(null, Object(Config\Cache), false)
 4 FCPATH\index.php(67): CodeIgniter\CodeIgniter->run()
CRITICAL - 2023-05-05 13:22:24 --> Too few arguments to function App\Controllers\Filas::mostrarFila(), 1 passed in C:\xampp\htdocs\ingecosmo\system\CodeIgniter.php on line 934 and exactly 3 expected
in APPPATH\Controllers\Filas.php on line 32.
 1 SYSTEMPATH\CodeIgniter.php(934): App\Controllers\Filas->mostrarFila('5')
 2 SYSTEMPATH\CodeIgniter.php(499): CodeIgniter\CodeIgniter->runController(Object(App\Controllers\Filas))
 3 SYSTEMPATH\CodeIgniter.php(368): CodeIgniter\CodeIgniter->handleRequest(null, Object(Config\Cache), false)
 4 FCPATH\index.php(67): CodeIgniter\CodeIgniter->run()
CRITICAL - 2023-05-05 13:22:24 --> Too few arguments to function App\Controllers\Filas::mostrarFila(), 1 passed in C:\xampp\htdocs\ingecosmo\system\CodeIgniter.php on line 934 and exactly 3 expected
in APPPATH\Controllers\Filas.php on line 32.
 1 SYSTEMPATH\CodeIgniter.php(934): App\Controllers\Filas->mostrarFila('5')
 2 SYSTEMPATH\CodeIgniter.php(499): CodeIgniter\CodeIgniter->runController(Object(App\Controllers\Filas))
 3 SYSTEMPATH\CodeIgniter.php(368): CodeIgniter\CodeIgniter->handleRequest(null, Object(Config\Cache), false)
 4 FCPATH\index.php(67): CodeIgniter\CodeIgniter->run()
INFO - 2023-05-05 13:31:08 --> Session: Class initialized using 'CodeIgniter\Session\Handlers\FileHandler' driver.
CRITICAL - 2023-05-05 13:33:12 --> Too few arguments to function App\Controllers\Filas::mostrarFila(), 1 passed in C:\xampp\htdocs\ingecosmo\system\CodeIgniter.php on line 934 and exactly 3 expected
in APPPATH\Controllers\Filas.php on line 32.
 1 SYSTEMPATH\CodeIgniter.php(934): App\Controllers\Filas->mostrarFila('6')
 2 SYSTEMPATH\CodeIgniter.php(499): CodeIgniter\CodeIgniter->runController(Object(App\Controllers\Filas))
 3 SYSTEMPATH\CodeIgniter.php(368): CodeIgniter\CodeIgniter->handleRequest(null, Object(Config\Cache), false)
 4 FCPATH\index.php(67): CodeIgniter\CodeIgniter->run()
INFO - 2023-05-05 13:33:14 --> Session: Class initialized using 'CodeIgniter\Session\Handlers\FileHandler' driver.
INFO - 2023-05-05 13:40:14 --> Session: Class initialized using 'CodeIgniter\Session\Handlers\FileHandler' driver.
INFO - 2023-05-05 13:40:14 --> Session: Class initialized using 'CodeIgniter\Session\Handlers\FileHandler' driver.
INFO - 2023-05-05 13:40:14 --> Session: Class initialized using 'CodeIgniter\Session\Handlers\FileHandler' driver.
CRITICAL - 2023-05-05 13:40:15 --> Too few arguments to function App\Controllers\Filas::mostrarFila(), 1 passed in C:\xampp\htdocs\ingecosmo\system\CodeIgniter.php on line 934 and exactly 2 expected
in APPPATH\Controllers\Filas.php on line 32.
 1 SYSTEMPATH\CodeIgniter.php(934): App\Controllers\Filas->mostrarFila('3')
 2 SYSTEMPATH\CodeIgniter.php(499): CodeIgniter\CodeIgniter->runController(Object(App\Controllers\Filas))
 3 SYSTEMPATH\CodeIgniter.php(368): CodeIgniter\CodeIgniter->handleRequest(null, Object(Config\Cache), false)
 4 FCPATH\index.php(67): CodeIgniter\CodeIgniter->run()
INFO - 2023-05-05 13:43:59 --> Session: Class initialized using 'CodeIgniter\Session\Handlers\FileHandler' driver.
CRITICAL - 2023-05-05 13:43:59 --> Undefined variable $materiales
in APPPATH\Views\estanteria\filas.php on line 140.
 1 APPPATH\Views\estanteria\filas.php(140): CodeIgniter\Debug\Exceptions->errorHandler(2, 'Undefined variable $materiales', 'APPPATH\\Views\\estanteria\\filas.php', 140)
 2 SYSTEMPATH\View\View.php(213): include('APPPATH\\Views\\estanteria\\filas.php')
 3 SYSTEMPATH\View\View.php(216): CodeIgniter\View\View->CodeIgniter\View\{closure}()
 4 SYSTEMPATH\Common.php(1184): CodeIgniter\View\View->render('/estanteria/filas', [], true)
 5 APPPATH\Controllers\Filas.php(38): view('/estanteria/filas', [...])
 6 SYSTEMPATH\CodeIgniter.php(934): App\Controllers\Filas->mostrarFila('3')
 7 SYSTEMPATH\CodeIgniter.php(499): CodeIgniter\CodeIgniter->runController(Object(App\Controllers\Filas))
 8 SYSTEMPATH\CodeIgniter.php(368): CodeIgniter\CodeIgniter->handleRequest(null, Object(Config\Cache), false)
 9 FCPATH\index.php(67): CodeIgniter\CodeIgniter->run()
INFO - 2023-05-05 13:44:55 --> Session: Class initialized using 'CodeIgniter\Session\Handlers\FileHandler' driver.
INFO - 2023-05-05 13:51:10 --> Session: Class initialized using 'CodeIgniter\Session\Handlers\FileHandler' driver.
CRITICAL - 2023-05-05 13:51:10 --> Undefined variable $materiales
in APPPATH\Views\estanteria\filas.php on line 140.
 1 APPPATH\Views\estanteria\filas.php(140): CodeIgniter\Debug\Exceptions->errorHandler(2, 'Undefined variable $materiales', 'APPPATH\\Views\\estanteria\\filas.php', 140)
 2 SYSTEMPATH\View\View.php(213): include('APPPATH\\Views\\estanteria\\filas.php')
 3 SYSTEMPATH\View\View.php(216): CodeIgniter\View\View->CodeIgniter\View\{closure}()
 4 SYSTEMPATH\Common.php(1184): CodeIgniter\View\View->render('/estanteria/filas', [], true)
 5 APPPATH\Controllers\Filas.php(38): view('/estanteria/filas', [...])
 6 SYSTEMPATH\CodeIgniter.php(934): App\Controllers\Filas->mostrarFila('3')
 7 SYSTEMPATH\CodeIgniter.php(499): CodeIgniter\CodeIgniter->runController(Object(App\Controllers\Filas))
 8 SYSTEMPATH\CodeIgniter.php(368): CodeIgniter\CodeIgniter->handleRequest(null, Object(Config\Cache), false)
 9 FCPATH\index.php(67): CodeIgniter\CodeIgniter->run()
INFO - 2023-05-05 13:55:43 --> Session: Class initialized using 'CodeIgniter\Session\Handlers\FileHandler' driver.
INFO - 2023-05-05 13:55:54 --> Session: Class initialized using 'CodeIgniter\Session\Handlers\FileHandler' driver.
CRITICAL - 2023-05-05 13:55:54 --> Undefined variable $materiales
in APPPATH\Views\estanteria\filas.php on line 140.
 1 APPPATH\Views\estanteria\filas.php(140): CodeIgniter\Debug\Exceptions->errorHandler(2, 'Undefined variable $materiales', 'APPPATH\\Views\\estanteria\\filas.php', 140)
 2 SYSTEMPATH\View\View.php(213): include('APPPATH\\Views\\estanteria\\filas.php')
 3 SYSTEMPATH\View\View.php(216): CodeIgniter\View\View->CodeIgniter\View\{closure}()
 4 SYSTEMPATH\Common.php(1184): CodeIgniter\View\View->render('/estanteria/filas', [], true)
 5 APPPATH\Controllers\Filas.php(38): view('/estanteria/filas', [...])
 6 SYSTEMPATH\CodeIgniter.php(934): App\Controllers\Filas->mostrarFila('3')
 7 SYSTEMPATH\CodeIgniter.php(499): CodeIgniter\CodeIgniter->runController(Object(App\Controllers\Filas))
 8 SYSTEMPATH\CodeIgniter.php(368): CodeIgniter\CodeIgniter->handleRequest(null, Object(Config\Cache), false)
 9 FCPATH\index.php(67): CodeIgniter\CodeIgniter->run()
INFO - 2023-05-05 13:56:18 --> Session: Class initialized using 'CodeIgniter\Session\Handlers\FileHandler' driver.
INFO - 2023-05-05 14:01:48 --> Session: Class initialized using 'CodeIgniter\Session\Handlers\FileHandler' driver.
INFO - 2023-05-05 14:02:44 --> Session: Class initialized using 'CodeIgniter\Session\Handlers\FileHandler' driver.
CRITICAL - 2023-05-05 14:02:44 --> Undefined array key "categoria_material"
in APPPATH\Views\estanteria\filas.php on line 8.
 1 APPPATH\Views\estanteria\filas.php(8): CodeIgniter\Debug\Exceptions->errorHandler(2, 'Undefined array key "categoria_material"', 'APPPATH\\Views\\estanteria\\filas.php', 8)
 2 SYSTEMPATH\View\View.php(213): include('APPPATH\\Views\\estanteria\\filas.php')
 3 SYSTEMPATH\View\View.php(216): CodeIgniter\View\View->CodeIgniter\View\{closure}()
 4 SYSTEMPATH\Common.php(1184): CodeIgniter\View\View->render('/estanteria/filas', [], true)
 5 APPPATH\Controllers\Filas.php(38): view('/estanteria/filas', [...])
 6 SYSTEMPATH\CodeIgniter.php(934): App\Controllers\Filas->mostrarFila('3')
 7 SYSTEMPATH\CodeIgniter.php(499): CodeIgniter\CodeIgniter->runController(Object(App\Controllers\Filas))
 8 SYSTEMPATH\CodeIgniter.php(368): CodeIgniter\CodeIgniter->handleRequest(null, Object(Config\Cache), false)
 9 FCPATH\index.php(67): CodeIgniter\CodeIgniter->run()
INFO - 2023-05-05 14:02:54 --> Session: Class initialized using 'CodeIgniter\Session\Handlers\FileHandler' driver.
CRITICAL - 2023-05-05 14:02:54 --> Undefined array key "categoria_material"
in APPPATH\Views\estanteria\filas.php on line 8.
 1 APPPATH\Views\estanteria\filas.php(8): CodeIgniter\Debug\Exceptions->errorHandler(2, 'Undefined array key "categoria_material"', 'APPPATH\\Views\\estanteria\\filas.php', 8)
 2 SYSTEMPATH\View\View.php(213): include('APPPATH\\Views\\estanteria\\filas.php')
 3 SYSTEMPATH\View\View.php(216): CodeIgniter\View\View->CodeIgniter\View\{closure}()
 4 SYSTEMPATH\Common.php(1184): CodeIgniter\View\View->render('/estanteria/filas', [], true)
 5 APPPATH\Controllers\Filas.php(38): view('/estanteria/filas', [...])
 6 SYSTEMPATH\CodeIgniter.php(934): App\Controllers\Filas->mostrarFila('3')
 7 SYSTEMPATH\CodeIgniter.php(499): CodeIgniter\CodeIgniter->runController(Object(App\Controllers\Filas))
 8 SYSTEMPATH\CodeIgniter.php(368): CodeIgniter\CodeIgniter->handleRequest(null, Object(Config\Cache), false)
 9 FCPATH\index.php(67): CodeIgniter\CodeIgniter->run()
INFO - 2023-05-05 14:02:55 --> Session: Class initialized using 'CodeIgniter\Session\Handlers\FileHandler' driver.
INFO - 2023-05-05 14:02:59 --> Session: Class initialized using 'CodeIgniter\Session\Handlers\FileHandler' driver.
INFO - 2023-05-05 14:03:06 --> Session: Class initialized using 'CodeIgniter\Session\Handlers\FileHandler' driver.
INFO - 2023-05-05 14:12:50 --> Session: Class initialized using 'CodeIgniter\Session\Handlers\FileHandler' driver.
INFO - 2023-05-05 14:13:03 --> Session: Class initialized using 'CodeIgniter\Session\Handlers\FileHandler' driver.
INFO - 2023-05-05 14:13:05 --> Session: Class initialized using 'CodeIgniter\Session\Handlers\FileHandler' driver.
INFO - 2023-05-05 14:13:55 --> Session: Class initialized using 'CodeIgniter\Session\Handlers\FileHandler' driver.
INFO - 2023-05-05 14:16:57 --> Session: Class initialized using 'CodeIgniter\Session\Handlers\FileHandler' driver.
INFO - 2023-05-05 14:17:39 --> Session: Class initialized using 'CodeIgniter\Session\Handlers\FileHandler' driver.
INFO - 2023-05-05 14:18:01 --> Session: Class initialized using 'CodeIgniter\Session\Handlers\FileHandler' driver.
INFO - 2023-05-05 14:18:20 --> Session: Class initialized using 'CodeIgniter\Session\Handlers\FileHandler' driver.
INFO - 2023-05-05 14:18:26 --> Session: Class initialized using 'CodeIgniter\Session\Handlers\FileHandler' driver.
INFO - 2023-05-05 14:18:38 --> Session: Class initialized using 'CodeIgniter\Session\Handlers\FileHandler' driver.
INFO - 2023-05-05 14:18:38 --> Session: Class initialized using 'CodeIgniter\Session\Handlers\FileHandler' driver.
INFO - 2023-05-05 14:18:38 --> Session: Class initialized using 'CodeIgniter\Session\Handlers\FileHandler' driver.
INFO - 2023-05-05 14:19:13 --> Session: Class initialized using 'CodeIgniter\Session\Handlers\FileHandler' driver.
INFO - 2023-05-05 14:32:52 --> Session: Class initialized using 'CodeIgniter\Session\Handlers\FileHandler' driver.
INFO - 2023-05-05 14:32:54 --> Session: Class initialized using 'CodeIgniter\Session\Handlers\FileHandler' driver.
INFO - 2023-05-05 14:33:03 --> Session: Class initialized using 'CodeIgniter\Session\Handlers\FileHandler' driver.
INFO - 2023-05-05 14:33:05 --> Session: Class initialized using 'CodeIgniter\Session\Handlers\FileHandler' driver.
INFO - 2023-05-05 14:33:07 --> Session: Class initialized using 'CodeIgniter\Session\Handlers\FileHandler' driver.
INFO - 2023-05-05 14:33:08 --> Session: Class initialized using 'CodeIgniter\Session\Handlers\FileHandler' driver.
INFO - 2023-05-05 14:36:40 --> Session: Class initialized using 'CodeIgniter\Session\Handlers\FileHandler' driver.
INFO - 2023-05-05 14:36:41 --> Session: Class initialized using 'CodeIgniter\Session\Handlers\FileHandler' driver.
INFO - 2023-05-05 14:46:58 --> Session: Class initialized using 'CodeIgniter\Session\Handlers\FileHandler' driver.
INFO - 2023-05-05 14:46:59 --> Session: Class initialized using 'CodeIgniter\Session\Handlers\FileHandler' driver.
INFO - 2023-05-05 14:47:04 --> Session: Class initialized using 'CodeIgniter\Session\Handlers\FileHandler' driver.
INFO - 2023-05-05 14:50:28 --> Session: Class initialized using 'CodeIgniter\Session\Handlers\FileHandler' driver.
INFO - 2023-05-05 14:50:30 --> Session: Class initialized using 'CodeIgniter\Session\Handlers\FileHandler' driver.
CRITICAL - 2023-05-05 14:50:30 --> Undefined array key 0
in APPPATH\Views\estanteria\filas.php on line 8.
 1 APPPATH\Views\estanteria\filas.php(8): CodeIgniter\Debug\Exceptions->errorHandler(2, 'Undefined array key 0', 'APPPATH\\Views\\estanteria\\filas.php', 8)
 2 SYSTEMPATH\View\View.php(213): include('APPPATH\\Views\\estanteria\\filas.php')
 3 SYSTEMPATH\View\View.php(216): CodeIgniter\View\View->CodeIgniter\View\{closure}()
 4 SYSTEMPATH\Common.php(1184): CodeIgniter\View\View->render('/estanteria/filas', [], true)
 5 APPPATH\Controllers\Filas.php(37): view('/estanteria/filas', [...])
 6 SYSTEMPATH\CodeIgniter.php(934): App\Controllers\Filas->mostrarFila('7')
 7 SYSTEMPATH\CodeIgniter.php(499): CodeIgniter\CodeIgniter->runController(Object(App\Controllers\Filas))
 8 SYSTEMPATH\CodeIgniter.php(368): CodeIgniter\CodeIgniter->handleRequest(null, Object(Config\Cache), false)
 9 FCPATH\index.php(67): CodeIgniter\CodeIgniter->run()
INFO - 2023-05-05 14:50:33 --> Session: Class initialized using 'CodeIgniter\Session\Handlers\FileHandler' driver.
INFO - 2023-05-05 14:50:37 --> Session: Class initialized using 'CodeIgniter\Session\Handlers\FileHandler' driver.
INFO - 2023-05-05 14:54:24 --> Session: Class initialized using 'CodeIgniter\Session\Handlers\FileHandler' driver.
INFO - 2023-05-05 14:54:24 --> Session: Class initialized using 'CodeIgniter\Session\Handlers\FileHandler' driver.
INFO - 2023-05-05 14:54:30 --> Session: Class initialized using 'CodeIgniter\Session\Handlers\FileHandler' driver.
INFO - 2023-05-05 15:04:32 --> Session: Class initialized using 'CodeIgniter\Session\Handlers\FileHandler' driver.
INFO - 2023-05-05 15:04:37 --> Session: Class initialized using 'CodeIgniter\Session\Handlers\FileHandler' driver.
INFO - 2023-05-05 15:04:37 --> Session: Class initialized using 'CodeIgniter\Session\Handlers\FileHandler' driver.
INFO - 2023-05-05 15:04:54 --> Session: Class initialized using 'CodeIgniter\Session\Handlers\FileHandler' driver.
INFO - 2023-05-05 15:04:56 --> Session: Class initialized using 'CodeIgniter\Session\Handlers\FileHandler' driver.
INFO - 2023-05-05 15:06:18 --> Session: Class initialized using 'CodeIgniter\Session\Handlers\FileHandler' driver.
INFO - 2023-05-05 15:06:25 --> Session: Class initialized using 'CodeIgniter\Session\Handlers\FileHandler' driver.
INFO - 2023-05-05 15:06:26 --> Session: Class initialized using 'CodeIgniter\Session\Handlers\FileHandler' driver.
INFO - 2023-05-05 15:07:20 --> Session: Class initialized using 'CodeIgniter\Session\Handlers\FileHandler' driver.
CRITICAL - 2023-05-05 15:07:20 --> Undefined array key 0
in APPPATH\Views\estanteria\filas.php on line 8.
 1 APPPATH\Views\estanteria\filas.php(8): CodeIgniter\Debug\Exceptions->errorHandler(2, 'Undefined array key 0', 'APPPATH\\Views\\estanteria\\filas.php', 8)
 2 SYSTEMPATH\View\View.php(213): include('APPPATH\\Views\\estanteria\\filas.php')
 3 SYSTEMPATH\View\View.php(216): CodeIgniter\View\View->CodeIgniter\View\{closure}()
 4 SYSTEMPATH\Common.php(1184): CodeIgniter\View\View->render('/estanteria/filas', [], true)
 5 APPPATH\Controllers\Filas.php(37): view('/estanteria/filas', [...])
 6 SYSTEMPATH\CodeIgniter.php(934): App\Controllers\Filas->mostrarFila('5')
 7 SYSTEMPATH\CodeIgniter.php(499): CodeIgniter\CodeIgniter->runController(Object(App\Controllers\Filas))
 8 SYSTEMPATH\CodeIgniter.php(368): CodeIgniter\CodeIgniter->handleRequest(null, Object(Config\Cache), false)
 9 FCPATH\index.php(67): CodeIgniter\CodeIgniter->run()
INFO - 2023-05-05 15:07:27 --> Session: Class initialized using 'CodeIgniter\Session\Handlers\FileHandler' driver.
INFO - 2023-05-05 15:08:33 --> Session: Class initialized using 'CodeIgniter\Session\Handlers\FileHandler' driver.
INFO - 2023-05-05 15:08:40 --> Session: Class initialized using 'CodeIgniter\Session\Handlers\FileHandler' driver.
INFO - 2023-05-05 15:08:42 --> Session: Class initialized using 'CodeIgniter\Session\Handlers\FileHandler' driver.
INFO - 2023-05-05 15:08:46 --> Session: Class initialized using 'CodeIgniter\Session\Handlers\FileHandler' driver.
INFO - 2023-05-05 15:08:55 --> Session: Class initialized using 'CodeIgniter\Session\Handlers\FileHandler' driver.
INFO - 2023-05-05 15:08:59 --> Session: Class initialized using 'CodeIgniter\Session\Handlers\FileHandler' driver.
INFO - 2023-05-05 15:09:00 --> Session: Class initialized using 'CodeIgniter\Session\Handlers\FileHandler' driver.
INFO - 2023-05-05 15:10:03 --> Session: Class initialized using 'CodeIgniter\Session\Handlers\FileHandler' driver.
INFO - 2023-05-05 15:10:06 --> Session: Class initialized using 'CodeIgniter\Session\Handlers\FileHandler' driver.
INFO - 2023-05-05 15:19:24 --> Session: Class initialized using 'CodeIgniter\Session\Handlers\FileHandler' driver.
INFO - 2023-05-05 15:19:24 --> Session: Class initialized using 'CodeIgniter\Session\Handlers\FileHandler' driver.
INFO - 2023-05-05 15:19:25 --> Session: Class initialized using 'CodeIgniter\Session\Handlers\FileHandler' driver.
ERROR - 2023-05-05 15:19:35 --> mysqli_sql_exception: Cannot add or update a child row: a foreign key constraint fails (`db_ingecosmo`.`materiales`, CONSTRAINT `tipo_material` FOREIGN KEY (`tipo_material`) REFERENCES `param_detalle` (`id_param_det`) ON UPDATE CASCADE) in C:\xampp\htdocs\ingecosmo\system\Database\MySQLi\Connection.php:295
Stack trace:
#0 C:\xampp\htdocs\ingecosmo\system\Database\MySQLi\Connection.php(295): mysqli->query('INSERT INTO `ma...', 0)
#1 C:\xampp\htdocs\ingecosmo\system\Database\BaseConnection.php(691): CodeIgniter\Database\MySQLi\Connection->execute('INSERT INTO `ma...')
#2 C:\xampp\htdocs\ingecosmo\system\Database\BaseConnection.php(605): CodeIgniter\Database\BaseConnection->simpleQuery('INSERT INTO `ma...')
#3 C:\xampp\htdocs\ingecosmo\system\Database\BaseBuilder.php(2309): CodeIgniter\Database\BaseConnection->query('INSERT INTO `ma...', Array, false)
#4 C:\xampp\htdocs\ingecosmo\system\Model.php(330): CodeIgniter\Database\BaseBuilder->insert()
#5 C:\xampp\htdocs\ingecosmo\system\BaseModel.php(782): CodeIgniter\Model->doInsert(Array)
#6 C:\xampp\htdocs\ingecosmo\system\Model.php(730): CodeIgniter\BaseModel->insert(Array, false)
#7 C:\xampp\htdocs\ingecosmo\system\BaseModel.php(692): CodeIgniter\Model->insert(Array, false)
#8 C:\xampp\htdocs\ingecosmo\app\Controllers\Filas.php(68): CodeIgniter\BaseModel->save(Array)
#9 C:\xampp\htdocs\ingecosmo\system\CodeIgniter.php(934): App\Controllers\Filas->insertar()
#10 C:\xampp\htdocs\ingecosmo\system\CodeIgniter.php(499): CodeIgniter\CodeIgniter->runController(Object(App\Controllers\Filas))
#11 C:\xampp\htdocs\ingecosmo\system\CodeIgniter.php(368): CodeIgniter\CodeIgniter->handleRequest(NULL, Object(Config\Cache), false)
#12 C:\xampp\htdocs\ingecosmo\public\index.php(67): CodeIgniter\CodeIgniter->run()
#13 {main}
CRITICAL - 2023-05-05 15:19:35 --> Cannot add or update a child row: a foreign key constraint fails (`db_ingecosmo`.`materiales`, CONSTRAINT `tipo_material` FOREIGN KEY (`tipo_material`) REFERENCES `param_detalle` (`id_param_det`) ON UPDATE CASCADE)
in SYSTEMPATH\Database\BaseConnection.php on line 645.
 1 SYSTEMPATH\Database\BaseBuilder.php(2309): CodeIgniter\Database\BaseConnection->query('INSERT INTO `materiales` (`nombre`, `fecha_crea`) VALUES (:nombre:, :fecha_crea:)', [...], false)
 2 SYSTEMPATH\Model.php(330): CodeIgniter\Database\BaseBuilder->insert()
 3 SYSTEMPATH\BaseModel.php(782): CodeIgniter\Model->doInsert([...])
 4 SYSTEMPATH\Model.php(730): CodeIgniter\BaseModel->insert([...], false)
 5 SYSTEMPATH\BaseModel.php(692): CodeIgniter\Model->insert([...], false)
 6 APPPATH\Controllers\Filas.php(68): CodeIgniter\BaseModel->save([...])
 7 SYSTEMPATH\CodeIgniter.php(934): App\Controllers\Filas->insertar()
 8 SYSTEMPATH\CodeIgniter.php(499): CodeIgniter\CodeIgniter->runController(Object(App\Controllers\Filas))
 9 SYSTEMPATH\CodeIgniter.php(368): CodeIgniter\CodeIgniter->handleRequest(null, Object(Config\Cache), false)
10 FCPATH\index.php(67): CodeIgniter\CodeIgniter->run()
ERROR - 2023-05-05 15:27:04 --> mysqli_sql_exception: Cannot add or update a child row: a foreign key constraint fails (`db_ingecosmo`.`materiales`, CONSTRAINT `tipo_material` FOREIGN KEY (`tipo_material`) REFERENCES `param_detalle` (`id_param_det`) ON UPDATE CASCADE) in C:\xampp\htdocs\ingecosmo\system\Database\MySQLi\Connection.php:295
Stack trace:
#0 C:\xampp\htdocs\ingecosmo\system\Database\MySQLi\Connection.php(295): mysqli->query('INSERT INTO `ma...', 0)
#1 C:\xampp\htdocs\ingecosmo\system\Database\BaseConnection.php(691): CodeIgniter\Database\MySQLi\Connection->execute('INSERT INTO `ma...')
#2 C:\xampp\htdocs\ingecosmo\system\Database\BaseConnection.php(605): CodeIgniter\Database\BaseConnection->simpleQuery('INSERT INTO `ma...')
#3 C:\xampp\htdocs\ingecosmo\system\Database\BaseBuilder.php(2309): CodeIgniter\Database\BaseConnection->query('INSERT INTO `ma...', Array, false)
#4 C:\xampp\htdocs\ingecosmo\system\Model.php(330): CodeIgniter\Database\BaseBuilder->insert()
#5 C:\xampp\htdocs\ingecosmo\system\BaseModel.php(782): CodeIgniter\Model->doInsert(Array)
#6 C:\xampp\htdocs\ingecosmo\system\Model.php(730): CodeIgniter\BaseModel->insert(Array, false)
#7 C:\xampp\htdocs\ingecosmo\system\BaseModel.php(692): CodeIgniter\Model->insert(Array, false)
#8 C:\xampp\htdocs\ingecosmo\app\Controllers\Filas.php(68): CodeIgniter\BaseModel->save(Array)
#9 C:\xampp\htdocs\ingecosmo\system\CodeIgniter.php(934): App\Controllers\Filas->insertar()
#10 C:\xampp\htdocs\ingecosmo\system\CodeIgniter.php(499): CodeIgniter\CodeIgniter->runController(Object(App\Controllers\Filas))
#11 C:\xampp\htdocs\ingecosmo\system\CodeIgniter.php(368): CodeIgniter\CodeIgniter->handleRequest(NULL, Object(Config\Cache), false)
#12 C:\xampp\htdocs\ingecosmo\public\index.php(67): CodeIgniter\CodeIgniter->run()
#13 {main}
CRITICAL - 2023-05-05 15:27:04 --> Cannot add or update a child row: a foreign key constraint fails (`db_ingecosmo`.`materiales`, CONSTRAINT `tipo_material` FOREIGN KEY (`tipo_material`) REFERENCES `param_detalle` (`id_param_det`) ON UPDATE CASCADE)
in SYSTEMPATH\Database\BaseConnection.php on line 645.
 1 SYSTEMPATH\Database\BaseBuilder.php(2309): CodeIgniter\Database\BaseConnection->query('INSERT INTO `materiales` (`nombre`, `fecha_crea`) VALUES (:nombre:, :fecha_crea:)', [...], false)
 2 SYSTEMPATH\Model.php(330): CodeIgniter\Database\BaseBuilder->insert()
 3 SYSTEMPATH\BaseModel.php(782): CodeIgniter\Model->doInsert([...])
 4 SYSTEMPATH\Model.php(730): CodeIgniter\BaseModel->insert([...], false)
 5 SYSTEMPATH\BaseModel.php(692): CodeIgniter\Model->insert([...], false)
 6 APPPATH\Controllers\Filas.php(68): CodeIgniter\BaseModel->save([...])
 7 SYSTEMPATH\CodeIgniter.php(934): App\Controllers\Filas->insertar()
 8 SYSTEMPATH\CodeIgniter.php(499): CodeIgniter\CodeIgniter->runController(Object(App\Controllers\Filas))
 9 SYSTEMPATH\CodeIgniter.php(368): CodeIgniter\CodeIgniter->handleRequest(null, Object(Config\Cache), false)
10 FCPATH\index.php(67): CodeIgniter\CodeIgniter->run()
ERROR - 2023-05-05 15:27:08 --> mysqli_sql_exception: Cannot add or update a child row: a foreign key constraint fails (`db_ingecosmo`.`materiales`, CONSTRAINT `tipo_material` FOREIGN KEY (`tipo_material`) REFERENCES `param_detalle` (`id_param_det`) ON UPDATE CASCADE) in C:\xampp\htdocs\ingecosmo\system\Database\MySQLi\Connection.php:295
Stack trace:
#0 C:\xampp\htdocs\ingecosmo\system\Database\MySQLi\Connection.php(295): mysqli->query('INSERT INTO `ma...', 0)
#1 C:\xampp\htdocs\ingecosmo\system\Database\BaseConnection.php(691): CodeIgniter\Database\MySQLi\Connection->execute('INSERT INTO `ma...')
#2 C:\xampp\htdocs\ingecosmo\system\Database\BaseConnection.php(605): CodeIgniter\Database\BaseConnection->simpleQuery('INSERT INTO `ma...')
#3 C:\xampp\htdocs\ingecosmo\system\Database\BaseBuilder.php(2309): CodeIgniter\Database\BaseConnection->query('INSERT INTO `ma...', Array, false)
#4 C:\xampp\htdocs\ingecosmo\system\Model.php(330): CodeIgniter\Database\BaseBuilder->insert()
#5 C:\xampp\htdocs\ingecosmo\system\BaseModel.php(782): CodeIgniter\Model->doInsert(Array)
#6 C:\xampp\htdocs\ingecosmo\system\Model.php(730): CodeIgniter\BaseModel->insert(Array, false)
#7 C:\xampp\htdocs\ingecosmo\system\BaseModel.php(692): CodeIgniter\Model->insert(Array, false)
#8 C:\xampp\htdocs\ingecosmo\app\Controllers\Filas.php(68): CodeIgniter\BaseModel->save(Array)
#9 C:\xampp\htdocs\ingecosmo\system\CodeIgniter.php(934): App\Controllers\Filas->insertar()
#10 C:\xampp\htdocs\ingecosmo\system\CodeIgniter.php(499): CodeIgniter\CodeIgniter->runController(Object(App\Controllers\Filas))
#11 C:\xampp\htdocs\ingecosmo\system\CodeIgniter.php(368): CodeIgniter\CodeIgniter->handleRequest(NULL, Object(Config\Cache), false)
#12 C:\xampp\htdocs\ingecosmo\public\index.php(67): CodeIgniter\CodeIgniter->run()
#13 {main}
CRITICAL - 2023-05-05 15:27:08 --> Cannot add or update a child row: a foreign key constraint fails (`db_ingecosmo`.`materiales`, CONSTRAINT `tipo_material` FOREIGN KEY (`tipo_material`) REFERENCES `param_detalle` (`id_param_det`) ON UPDATE CASCADE)
in SYSTEMPATH\Database\BaseConnection.php on line 645.
 1 SYSTEMPATH\Database\BaseBuilder.php(2309): CodeIgniter\Database\BaseConnection->query('INSERT INTO `materiales` (`nombre`, `fecha_crea`) VALUES (:nombre:, :fecha_crea:)', [...], false)
 2 SYSTEMPATH\Model.php(330): CodeIgniter\Database\BaseBuilder->insert()
 3 SYSTEMPATH\BaseModel.php(782): CodeIgniter\Model->doInsert([...])
 4 SYSTEMPATH\Model.php(730): CodeIgniter\BaseModel->insert([...], false)
 5 SYSTEMPATH\BaseModel.php(692): CodeIgniter\Model->insert([...], false)
 6 APPPATH\Controllers\Filas.php(68): CodeIgniter\BaseModel->save([...])
 7 SYSTEMPATH\CodeIgniter.php(934): App\Controllers\Filas->insertar()
 8 SYSTEMPATH\CodeIgniter.php(499): CodeIgniter\CodeIgniter->runController(Object(App\Controllers\Filas))
 9 SYSTEMPATH\CodeIgniter.php(368): CodeIgniter\CodeIgniter->handleRequest(null, Object(Config\Cache), false)
10 FCPATH\index.php(67): CodeIgniter\CodeIgniter->run()
INFO - 2023-05-05 15:27:09 --> Session: Class initialized using 'CodeIgniter\Session\Handlers\FileHandler' driver.
ERROR - 2023-05-05 15:27:15 --> mysqli_sql_exception: Cannot add or update a child row: a foreign key constraint fails (`db_ingecosmo`.`materiales`, CONSTRAINT `tipo_material` FOREIGN KEY (`tipo_material`) REFERENCES `param_detalle` (`id_param_det`) ON UPDATE CASCADE) in C:\xampp\htdocs\ingecosmo\system\Database\MySQLi\Connection.php:295
Stack trace:
#0 C:\xampp\htdocs\ingecosmo\system\Database\MySQLi\Connection.php(295): mysqli->query('INSERT INTO `ma...', 0)
#1 C:\xampp\htdocs\ingecosmo\system\Database\BaseConnection.php(691): CodeIgniter\Database\MySQLi\Connection->execute('INSERT INTO `ma...')
#2 C:\xampp\htdocs\ingecosmo\system\Database\BaseConnection.php(605): CodeIgniter\Database\BaseConnection->simpleQuery('INSERT INTO `ma...')
#3 C:\xampp\htdocs\ingecosmo\system\Database\BaseBuilder.php(2309): CodeIgniter\Database\BaseConnection->query('INSERT INTO `ma...', Array, false)
#4 C:\xampp\htdocs\ingecosmo\system\Model.php(330): CodeIgniter\Database\BaseBuilder->insert()
#5 C:\xampp\htdocs\ingecosmo\system\BaseModel.php(782): CodeIgniter\Model->doInsert(Array)
#6 C:\xampp\htdocs\ingecosmo\system\Model.php(730): CodeIgniter\BaseModel->insert(Array, false)
#7 C:\xampp\htdocs\ingecosmo\system\BaseModel.php(692): CodeIgniter\Model->insert(Array, false)
#8 C:\xampp\htdocs\ingecosmo\app\Controllers\Filas.php(68): CodeIgniter\BaseModel->save(Array)
#9 C:\xampp\htdocs\ingecosmo\system\CodeIgniter.php(934): App\Controllers\Filas->insertar()
#10 C:\xampp\htdocs\ingecosmo\system\CodeIgniter.php(499): CodeIgniter\CodeIgniter->runController(Object(App\Controllers\Filas))
#11 C:\xampp\htdocs\ingecosmo\system\CodeIgniter.php(368): CodeIgniter\CodeIgniter->handleRequest(NULL, Object(Config\Cache), false)
#12 C:\xampp\htdocs\ingecosmo\public\index.php(67): CodeIgniter\CodeIgniter->run()
#13 {main}
CRITICAL - 2023-05-05 15:27:15 --> Cannot add or update a child row: a foreign key constraint fails (`db_ingecosmo`.`materiales`, CONSTRAINT `tipo_material` FOREIGN KEY (`tipo_material`) REFERENCES `param_detalle` (`id_param_det`) ON UPDATE CASCADE)
in SYSTEMPATH\Database\BaseConnection.php on line 645.
 1 SYSTEMPATH\Database\BaseBuilder.php(2309): CodeIgniter\Database\BaseConnection->query('INSERT INTO `materiales` (`nombre`, `fecha_crea`) VALUES (:nombre:, :fecha_crea:)', [...], false)
 2 SYSTEMPATH\Model.php(330): CodeIgniter\Database\BaseBuilder->insert()
 3 SYSTEMPATH\BaseModel.php(782): CodeIgniter\Model->doInsert([...])
 4 SYSTEMPATH\Model.php(730): CodeIgniter\BaseModel->insert([...], false)
 5 SYSTEMPATH\BaseModel.php(692): CodeIgniter\Model->insert([...], false)
 6 APPPATH\Controllers\Filas.php(68): CodeIgniter\BaseModel->save([...])
 7 SYSTEMPATH\CodeIgniter.php(934): App\Controllers\Filas->insertar()
 8 SYSTEMPATH\CodeIgniter.php(499): CodeIgniter\CodeIgniter->runController(Object(App\Controllers\Filas))
 9 SYSTEMPATH\CodeIgniter.php(368): CodeIgniter\CodeIgniter->handleRequest(null, Object(Config\Cache), false)
10 FCPATH\index.php(67): CodeIgniter\CodeIgniter->run()
