CRITICAL - 2023-04-21 00:00:02 --> syntax error, unexpected double-quoted string ">", expecting ")"
in APPPATH\Views\principal\sidebar.php on line 13.
 1 SYSTEMPATH\View\View.php(216): CodeIgniter\View\View->CodeIgniter\View\{closure}()
 2 SYSTEMPATH\Common.php(1184): CodeIgniter\View\View->render('/principal/sidebar', [], true)
 3 APPPATH\Controllers\Usuarios.php(23): view('/principal/sidebar')
 4 SYSTEMPATH\CodeIgniter.php(934): App\Controllers\Usuarios->index()
 5 SYSTEMPATH\CodeIgniter.php(499): CodeIgniter\CodeIgniter->runController(Object(App\Controllers\Usuarios))
 6 SYSTEMPATH\CodeIgniter.php(368): CodeIgniter\CodeIgniter->handleRequest(null, Object(Config\Cache), false)
 7 FCPATH\index.php(67): CodeIgniter\CodeIgniter->run()
CRITICAL - 2023-04-21 15:18:05 --> Undefined variable $d
in APPPATH\Views\usuarios\usuarios.php on line 21.
 1 APPPATH\Views\usuarios\usuarios.php(21): CodeIgniter\Debug\Exceptions->errorHandler(2, 'Undefined variable $d', 'APPPATH\\Views\\usuarios\\usuarios.php', 21)
 2 SYSTEMPATH\View\View.php(213): include('APPPATH\\Views\\usuarios\\usuarios.php')
 3 SYSTEMPATH\View\View.php(216): CodeIgniter\View\View->CodeIgniter\View\{closure}()
 4 SYSTEMPATH\Common.php(1184): CodeIgniter\View\View->render('/usuarios/usuarios', [], true)
 5 APPPATH\Controllers\Usuarios.php(28): view('/usuarios/usuarios', [...])
 6 SYSTEMPATH\CodeIgniter.php(934): App\Controllers\Usuarios->index()
 7 SYSTEMPATH\CodeIgniter.php(499): CodeIgniter\CodeIgniter->runController(Object(App\Controllers\Usuarios))
 8 SYSTEMPATH\CodeIgniter.php(368): CodeIgniter\CodeIgniter->handleRequest(null, Object(Config\Cache), false)
 9 FCPATH\index.php(67): CodeIgniter\CodeIgniter->run()
CRITICAL - 2023-04-21 15:18:06 --> Undefined variable $d
in APPPATH\Views\usuarios\usuarios.php on line 21.
 1 APPPATH\Views\usuarios\usuarios.php(21): CodeIgniter\Debug\Exceptions->errorHandler(2, 'Undefined variable $d', 'APPPATH\\Views\\usuarios\\usuarios.php', 21)
 2 SYSTEMPATH\View\View.php(213): include('APPPATH\\Views\\usuarios\\usuarios.php')
 3 SYSTEMPATH\View\View.php(216): CodeIgniter\View\View->CodeIgniter\View\{closure}()
 4 SYSTEMPATH\Common.php(1184): CodeIgniter\View\View->render('/usuarios/usuarios', [], true)
 5 APPPATH\Controllers\Usuarios.php(28): view('/usuarios/usuarios', [...])
 6 SYSTEMPATH\CodeIgniter.php(934): App\Controllers\Usuarios->index()
 7 SYSTEMPATH\CodeIgniter.php(499): CodeIgniter\CodeIgniter->runController(Object(App\Controllers\Usuarios))
 8 SYSTEMPATH\CodeIgniter.php(368): CodeIgniter\CodeIgniter->handleRequest(null, Object(Config\Cache), false)
 9 FCPATH\index.php(67): CodeIgniter\CodeIgniter->run()
CRITICAL - 2023-04-21 15:18:06 --> Undefined variable $d
in APPPATH\Views\usuarios\usuarios.php on line 21.
 1 APPPATH\Views\usuarios\usuarios.php(21): CodeIgniter\Debug\Exceptions->errorHandler(2, 'Undefined variable $d', 'APPPATH\\Views\\usuarios\\usuarios.php', 21)
 2 SYSTEMPATH\View\View.php(213): include('APPPATH\\Views\\usuarios\\usuarios.php')
 3 SYSTEMPATH\View\View.php(216): CodeIgniter\View\View->CodeIgniter\View\{closure}()
 4 SYSTEMPATH\Common.php(1184): CodeIgniter\View\View->render('/usuarios/usuarios', [], true)
 5 APPPATH\Controllers\Usuarios.php(28): view('/usuarios/usuarios', [...])
 6 SYSTEMPATH\CodeIgniter.php(934): App\Controllers\Usuarios->index()
 7 SYSTEMPATH\CodeIgniter.php(499): CodeIgniter\CodeIgniter->runController(Object(App\Controllers\Usuarios))
 8 SYSTEMPATH\CodeIgniter.php(368): CodeIgniter\CodeIgniter->handleRequest(null, Object(Config\Cache), false)
 9 FCPATH\index.php(67): CodeIgniter\CodeIgniter->run()
