ERROR - 2023-04-22 20:06:04 --> Error connecting to the database: mysqli_sql_exception: Unknown database 'db_ingecosmo' in C:\xampp\htdocs\ingecosmo\system\Database\MySQLi\Connection.php:173
Stack trace:
#0 C:\xampp\htdocs\ingecosmo\system\Database\MySQLi\Connection.php(173): mysqli->real_connect('localhost', 'root', Object(SensitiveParameterValue), 'db_ingecosmo', 3306, '', 0)
#1 C:\xampp\htdocs\ingecosmo\system\Database\BaseConnection.php(391): CodeIgniter\Database\MySQLi\Connection->connect(false)
#2 C:\xampp\htdocs\ingecosmo\system\Database\BaseConnection.php(573): CodeIgniter\Database\BaseConnection->initialize()
#3 C:\xampp\htdocs\ingecosmo\system\Database\BaseBuilder.php(1616): CodeIgniter\Database\BaseConnection->query('SELECT `usuario...', Array, false)
#4 C:\xampp\htdocs\ingecosmo\system\Model.php(241): CodeIgniter\Database\BaseBuilder->get()
#5 C:\xampp\htdocs\ingecosmo\system\BaseModel.php(618): CodeIgniter\Model->doFindAll(0, 0)
#6 C:\xampp\htdocs\ingecosmo\app\Models\UsuariosModel.php(34): CodeIgniter\BaseModel->findAll()
#7 C:\xampp\htdocs\ingecosmo\app\Controllers\Usuarios.php(24): App\Models\UsuariosModel->obtenerUsuarios()
#8 C:\xampp\htdocs\ingecosmo\system\CodeIgniter.php(934): App\Controllers\Usuarios->index()
#9 C:\xampp\htdocs\ingecosmo\system\CodeIgniter.php(499): CodeIgniter\CodeIgniter->runController(Object(App\Controllers\Usuarios))
#10 C:\xampp\htdocs\ingecosmo\system\CodeIgniter.php(368): CodeIgniter\CodeIgniter->handleRequest(NULL, Object(Config\Cache), false)
#11 C:\xampp\htdocs\ingecosmo\public\index.php(67): CodeIgniter\CodeIgniter->run()
#12 {main}

Next CodeIgniter\Database\Exceptions\DatabaseException: Unknown database 'db_ingecosmo' in C:\xampp\htdocs\ingecosmo\system\Database\MySQLi\Connection.php:218
Stack trace:
#0 C:\xampp\htdocs\ingecosmo\system\Database\BaseConnection.php(391): CodeIgniter\Database\MySQLi\Connection->connect(false)
#1 C:\xampp\htdocs\ingecosmo\system\Database\BaseConnection.php(573): CodeIgniter\Database\BaseConnection->initialize()
#2 C:\xampp\htdocs\ingecosmo\system\Database\BaseBuilder.php(1616): CodeIgniter\Database\BaseConnection->query('SELECT `usuario...', Array, false)
#3 C:\xampp\htdocs\ingecosmo\system\Model.php(241): CodeIgniter\Database\BaseBuilder->get()
#4 C:\xampp\htdocs\ingecosmo\system\BaseModel.php(618): CodeIgniter\Model->doFindAll(0, 0)
#5 C:\xampp\htdocs\ingecosmo\app\Models\UsuariosModel.php(34): CodeIgniter\BaseModel->findAll()
#6 C:\xampp\htdocs\ingecosmo\app\Controllers\Usuarios.php(24): App\Models\UsuariosModel->obtenerUsuarios()
#7 C:\xampp\htdocs\ingecosmo\system\CodeIgniter.php(934): App\Controllers\Usuarios->index()
#8 C:\xampp\htdocs\ingecosmo\system\CodeIgniter.php(499): CodeIgniter\CodeIgniter->runController(Object(App\Controllers\Usuarios))
#9 C:\xampp\htdocs\ingecosmo\system\CodeIgniter.php(368): CodeIgniter\CodeIgniter->handleRequest(NULL, Object(Config\Cache), false)
#10 C:\xampp\htdocs\ingecosmo\public\index.php(67): CodeIgniter\CodeIgniter->run()
#11 {main}
CRITICAL - 2023-04-22 20:06:04 --> Unable to connect to the database.
Main connection [MySQLi]: Unknown database 'db_ingecosmo'
in SYSTEMPATH\Database\BaseConnection.php on line 427.
 1 SYSTEMPATH\Database\BaseConnection.php(573): CodeIgniter\Database\BaseConnection->initialize()
 2 SYSTEMPATH\Database\BaseBuilder.php(1616): CodeIgniter\Database\BaseConnection->query('SELECT `usuarios`.*, `param_detalle`.`resumen` as `doc_res`, `roles`.`nombre` as `nombre_rol`
FROM `usuarios`
JOIN `roles` ON `roles`.`id_rol` = `usuarios`.`id_rol`
JOIN `param_detalle` ON `param_detalle`.`id_param_det` = `usuarios`.`tipo_doc`
ORDER BY `id_usuario` ASC', [], false)
 3 SYSTEMPATH\Model.php(241): CodeIgniter\Database\BaseBuilder->get()
 4 SYSTEMPATH\BaseModel.php(618): CodeIgniter\Model->doFindAll(0, 0)
 5 APPPATH\Models\UsuariosModel.php(34): CodeIgniter\BaseModel->findAll()
 6 APPPATH\Controllers\Usuarios.php(24): App\Models\UsuariosModel->obtenerUsuarios()
 7 SYSTEMPATH\CodeIgniter.php(934): App\Controllers\Usuarios->index()
 8 SYSTEMPATH\CodeIgniter.php(499): CodeIgniter\CodeIgniter->runController(Object(App\Controllers\Usuarios))
 9 SYSTEMPATH\CodeIgniter.php(368): CodeIgniter\CodeIgniter->handleRequest(null, Object(Config\Cache), false)
10 FCPATH\index.php(67): CodeIgniter\CodeIgniter->run()
INFO - 2023-04-22 21:30:04 --> Session: Class initialized using 'CodeIgniter\Session\Handlers\FileHandler' driver.
INFO - 2023-04-22 21:30:54 --> Session: Class initialized using 'CodeIgniter\Session\Handlers\FileHandler' driver.
INFO - 2023-04-22 21:30:54 --> Session: Class initialized using 'CodeIgniter\Session\Handlers\FileHandler' driver.
INFO - 2023-04-22 21:31:37 --> Session: Class initialized using 'CodeIgniter\Session\Handlers\FileHandler' driver.
INFO - 2023-04-22 21:33:04 --> Session: Class initialized using 'CodeIgniter\Session\Handlers\FileHandler' driver.
INFO - 2023-04-22 21:33:56 --> Session: Class initialized using 'CodeIgniter\Session\Handlers\FileHandler' driver.
INFO - 2023-04-22 21:35:54 --> Session: Class initialized using 'CodeIgniter\Session\Handlers\FileHandler' driver.
